{
  "RSpec": {
    "coverage": {
      "/Users/MichaelAngelo/Desktop/woah/Lil-Wayne/Mac_Overflow/app/controllers/entries_controller.rb": [
        1,
        null,
        1,
        null,
        1,
        2,
        2,
        null,
        null,
        1,
        0,
        null,
        null,
        1,
        null,
        null,
        1,
        0,
        0,
        0,
        null,
        null,
        1,
        null,
        null,
        1,
        1,
        1,
        1,
        null,
        0,
        null,
        null,
        null,
        1,
        0,
        0,
        null,
        null,
        1,
        0,
        0,
        null,
        null,
        null,
        1,
        null,
        null,
        1,
        null,
        1,
        1,
        null,
        null,
        1,
        0,
        null,
        null,
        null
      ],
      "/Users/MichaelAngelo/Desktop/woah/Lil-Wayne/Mac_Overflow/app/controllers/application_controller.rb": [
        1,
        1,
        1,
        null
      ],
      "/Users/MichaelAngelo/Desktop/woah/Lil-Wayne/Mac_Overflow/spec/features/auth_spec.rb": [
        1,
        null,
        null,
        null,
        null,
        null,
        null,
        null,
        null,
        null,
        null,
        null,
        null,
        null,
        null,
        null,
        null,
        null,
        null,
        null,
        null,
        1,
        null,
        1,
        1,
        1,
        1,
        1,
        null,
        null,
        1,
        1,
        null,
        null,
        null,
        1,
        null,
        null,
        null,
        null,
        null,
        1,
        null,
        1,
        3,
        null,
        null,
        null,
        null,
        1,
        1,
        null,
        null,
        1,
        1,
        null,
        null,
        null,
        null,
        null,
        null,
        null,
        null,
        null,
        null,
        null,
        null,
        null
      ],
      "/Users/MichaelAngelo/Desktop/woah/Lil-Wayne/Mac_Overflow/app/models/entry.rb": [
        1,
        1,
        null
      ],
      "/Users/MichaelAngelo/Desktop/woah/Lil-Wayne/Mac_Overflow/app/models/user.rb": [
        1,
        1,
        1,
        1,
        1,
        null,
        null
      ]
    },
    "timestamp": 1416814163
  }
}
